<?xml version="1.0" encoding="UTF-8"?>
<testsuite xmlns:xsi="http://www.w3.org/2001/XMLSchema-instance" xsi:noNamespaceSchemaLocation="https://maven.apache.org/surefire/maven-surefire-plugin/xsd/surefire-test-report.xsd" version="3.0.2" name="huffmancode.structures.CharacterTreeTest" time="0.058" tests="6" errors="0" skipped="0" failures="0">
  <properties>
[...]
</properties>
  <testcase name="should_BuildCorrect_TreeOfValuesDescendingFromRootToLeafs_ForPredefinedValues" classname="huffmancode.structures.CharacterTreeTest" time="0.006">
    <system-out><![CDATA[----------------------------------

     [a:45]

[￿:100]

               [c:12]

          [￿:25]

               [b:13]

     [￿:55]

                    [f:5]

               [￿:14]

                    [e:9]

          [￿:30]

               [d:16]
----------------------------------
]]></system-out>
  </testcase>
  <testcase name="should_BuildCorrect_TreeOfValuesDescendingFromRootToLeafs_ForRandomValues" classname="huffmancode.structures.CharacterTreeTest" time="0.007">
    <system-out><![CDATA[----------------------------------

               [[:93]

          [￿:187]

               []:94]

     [￿:377]

                         [i:23]

                    [￿:46]

                         [u:23]

               [￿:95]

                    [M:49]

          [￿:190]

               [E:95]

[￿:941]

                         [w:24]

                    [￿:53]

                         [H:29]

               [￿:107]

                    [S:54]

          [￿:238]

                         [U:31]

                    [￿:63]

                         [Q:32]

               [￿:131]

                    [v:68]

     [￿:564]

                    [n:71]

               [￿:151]

                    [y:80]

          [￿:326]

                    [A:86]

               [￿:175]

                                        [d:5]

                                   [￿:10]

                                        [[:5]

                              [￿:21]

                                   [x:11]

                         [￿:44]

                              [d:23]

                    [￿:89]

                         [l:45]
----------------------------------
]]></system-out>
  </testcase>
  <testcase name="should_BeAbleTo_ReconstructCodedCharacterTree" classname="huffmancode.structures.CharacterTreeTest" time="0.016">
    <system-out><![CDATA[----------------------------------

               [ :0]

          [￿:0]

                                   [8:0]

                              [￿:0]

                                   [M:0]

                         [￿:0]

                                   [B:0]

                              [￿:0]

                                        [F:0]

                                   [￿:0]

                                        [D:0]

                    [￿:0]

                         [z:0]

               [￿:0]

                         [p:0]

                    [￿:0]

                         [w:0]

     [￿:0]

                    [o:0]

               [￿:0]

                         [s:0]

                    [￿:0]

                         [k:0]

          [￿:0]

                                   [T:0]

                              [￿:0]

                                   [A:0]

                         [￿:0]

                                             [7:0]

                                        [￿:0]

                                             [0:0]

                                   [￿:0]

                                        [ó:0]

                              [￿:0]

                                   [9:0]

                    [￿:0]

                         [c:0]

               [￿:0]

                                        [O:0]

                                   [￿:0]

                                        [J:0]

                              [￿:0]

                                        [V:0]

                                   [￿:0]

                                        [R:0]

                         [￿:0]

                              [j:0]

                    [￿:0]

                                   [h:0]

                              [￿:0]

                                   [W:0]

                         [￿:0]

                              [
:0]

[￿:0]

                    [e:0]

               [￿:0]

                         [y:0]

                    [￿:0]

                              [:0]

                         [￿:0]

                                             [ć:0]

                                        [￿:0]

                                             [ż:0]

                                   [￿:0]

                                        [ł:0]

                              [￿:0]

                                   [P:0]

          [￿:0]

                                        [U:0]

                                   [￿:0]

                                        [I:0]

                              [￿:0]

                                        [::0]

                                   [￿:0]

                                        [ą:0]

                         [￿:0]

                                   [N:0]

                              [￿:0]

                                        [C:0]

                                   [￿:0]

                                             [Ż:0]

                                        [￿:0]

                                                  [5:0]

                                             [￿:0]

                                                  [4:0]

                    [￿:0]

                                   [/:0]

                              [￿:0]

                                        [ę:0]

                                   [￿:0]

                                        [L:0]

                         [￿:0]

                              [d:0]

               [￿:0]

                    [a:0]

     [￿:0]

                         [n:0]

                    [￿:0]

                              [m:0]

                         [￿:0]

                                   [.:0]

                              [￿:0]

                                                  [v:0]

                                             [￿:0]

                                                  [f:0]

                                        [￿:0]

                                                       [–:0]

                                                  [￿:0]

                                                       [ś:0]

                                             [￿:0]

                                                       [6:0]

                                                  [￿:0]

                                                       [1:0]

                                   [￿:0]

                                        [g:0]

               [￿:0]

                         [i:0]

                    [￿:0]

                         [r:0]

          [￿:0]

                         [t:0]

                    [￿:0]

                                             [2:0]

                                        [￿:0]

                                             [3:0]

                                   [￿:0]

                                             [):0]

                                        [￿:0]

                                             [(:0]

                              [￿:0]

                                             [Y:0]

                                        [￿:0]

                                             [X:0]

                                   [￿:0]

                                             [Ź:0]

                                        [￿:0]

                                             [Z:0]

                         [￿:0]

                              [u:0]

               [￿:0]

                                             [Ć:0]

                                        [￿:0]

                                             [Ą:0]

                                   [￿:0]

                                             [Ę:0]

                                        [￿:0]

                                             [E:0]

                              [￿:0]

                                   [-:0]

                         [￿:0]

                                             [Ó:0]

                                        [￿:0]

                                             [Ń:0]

                                   [￿:0]

                                             [Ś:0]

                                        [￿:0]

                                             [Q:0]

                              [￿:0]

                                             [H:0]

                                        [￿:0]

                                             [G:0]

                                   [￿:0]

                                             [Ł:0]

                                        [￿:0]

                                             [K:0]

                    [￿:0]

                              [l:0]

                         [￿:0]

                                        [S:0]

                                   [￿:0]

                                        [b:0]

                              [￿:0]

                                   [,:0]
----------------------------------
]]></system-out>
  </testcase>
  <testcase name="should_BuildCorrectCharacterTree_WhenEncoding" classname="huffmancode.structures.CharacterTreeTest" time="0.014">
    <system-out><![CDATA[----------------------------------

               [ :147]

          [￿:301]

                                        [:4]

                                   [￿:9]

                                        [³:5]

                              [￿:18]

                                   [b:9]

                         [￿:38]

                                   [T:10]

                              [￿:20]

                                   [A:10]

                    [￿:77]

                         [w:39]

               [￿:154]

                    [o:77]

     [￿:634]

                         [s:40]

                    [￿:80]

                         [k:40]

               [￿:160]

                                        [V:5]

                                   [￿:10]

                                        [R:5]

                              [￿:20]

                                   [9:10]

                         [￿:40]

                                        [J:5]

                                   [￿:10]

                                        [F:5]

                              [￿:20]

                                        [:5]

                                   [￿:10]

                                        [O:5]

                    [￿:80]

                         [c:40]

          [￿:333]

                    [e:86]

               [￿:173]

                              [j:21]

                         [￿:43]

                                        [D:5]

                                   [￿:11]

                                             [:3]

                                        [￿:6]

                                             [¼:3]

                              [￿:22]

                                   [h:11]

                    [￿:87]

                              [
:22]

                         [￿:44]

                              [:22]

[￿:1567]

                         [y:45]

                    [￿:92]

                                   [W:11]

                              [￿:23]

                                        [U:6]

                                   [￿:12]

                                        [I:6]

                         [￿:47]

                                   [P:12]

                              [￿:24]

                                   [N:12]

               [￿:197]

                                        [::6]

                                   [￿:12]

                                        [:6]

                              [￿:24]

                                                  [:1]

                                             [￿:3]

                                                       [:1]

                                                  [￿:2]

                                                       [â:1]

                                        [￿:6]

                                             [0:3]

                                   [￿:12]

                                        [:6]

                         [￿:50]

                                        [C:6]

                                   [￿:13]

                                             [»:3]

                                        [￿:7]

                                                  [4:2]

                                             [￿:4]

                                                  [7:2]

                              [￿:26]

                                   [/:13]

                    [￿:105]

                              [d:27]

                         [￿:55]

                              [m:28]

          [￿:423]

                    [a:112]

               [￿:226]

                              [Ä:28]

                         [￿:57]

                                        [:7]

                                   [￿:14]

                                        [L:7]

                              [￿:29]

                                   [.:15]

                    [￿:114]

                         [n:57]

     [￿:933]

                         [i:59]

                    [￿:118]

                         [r:59]

               [￿:238]

                         [t:59]

                    [￿:120]

                              [Å:29]

                         [￿:61]

                                             [K:4]

                                        [￿:8]

                                             [H:4]

                                   [￿:16]

                                             [:4]

                                        [￿:8]

                                             [:4]

                              [￿:32]

                                             [E:4]

                                        [￿:8]

                                             [:4]

                                   [￿:16]

                                             [G:4]

                                        [￿:8]

                                             [:4]

          [￿:510]

                                             [¹:4]

                                        [￿:8]

                                             [Z:4]

                                   [￿:16]

                                             [2:4]

                                        [￿:8]

                                             [3:4]

                              [￿:32]

                                             [:4]

                                        [￿:8]

                                             [Q:4]

                                   [￿:16]

                                             [Y:4]

                                        [￿:8]

                                             [X:4]

                         [￿:64]

                                        [g:8]

                                   [￿:16]

                                        [S:8]

                              [￿:32]

                                             [):4]

                                        [￿:8]

                                             [(:4]

                                   [￿:16]

                                                  [f:2]

                                             [￿:4]

                                                  [5:2]

                                        [￿:8]

                                                       [6:1]

                                                  [￿:2]

                                                       [1:1]

                                             [￿:4]

                                                  [v:2]

                    [￿:129]

                              [u:32]

                         [￿:65]

                                   [-:16]

                              [￿:33]

                                   [,:17]

               [￿:272]

                              [l:33]

                         [￿:69]

                                        [M:9]

                                   [￿:18]

                                        [B:9]

                              [￿:36]

                                        [8:9]

                                   [￿:18]

                                        [Ã:9]

                    [￿:143]

                              [z:37]

                         [￿:74]

                              [p:37]
----------------------------------
]]></system-out>
  </testcase>
  <testcase name="shouldBeAbleToGetCode_ForEveryCharacter_FromNodePriorityQueue" classname="huffmancode.structures.CharacterTreeTest" time="0.001">
    <system-out><![CDATA[----------------------------------

          [Q:107]

     [￿:215]

          [O:108]

[￿:491]

          [P:109]

     [￿:276]

               [M:66]

          [￿:167]

               [N:101]
----------------------------------
]]></system-out>
  </testcase>
  <testcase name="shouldBeAbleToGetCode_ForEveryCharacter_FromCharMap" classname="huffmancode.structures.CharacterTreeTest" time="0.001"/>
</testsuite>